<?xml version="1.0" encoding="UTF-8"?>
<testsuite xmlns:xsi="http://www.w3.org/2001/XMLSchema-instance" xsi:noNamespaceSchemaLocation="https://maven.apache.org/surefire/maven-surefire-plugin/xsd/surefire-test-report-3.0.xsd" version="3.0" name="pe.edu.pucp.transitsoft.dao.VehiculoDAOTest" time="71.093" tests="5" errors="0" skipped="0" failures="0">
  <properties>
[...]
</properties>
  <testcase name="testModificar" classname="pe.edu.pucp.transitsoft.dao.VehiculoDAOTest" time="17.941">
    <system-out><![CDATA[SELECT id, placa, marca, modelo, anho FROM vehiculo
DELETE FROM vehiculo WHERE id=?
SELECT id, placa, marca, modelo, anho FROM vehiculo WHERE id=?
DELETE FROM vehiculo WHERE id=?
SELECT id, placa, marca, modelo, anho FROM vehiculo WHERE id=?
DELETE FROM vehiculo WHERE id=?
SELECT id, placa, marca, modelo, anho FROM vehiculo WHERE id=?
INSERT INTO vehiculo(placa, marca, modelo, anho) VALUES (?, ?, ?, ?)
INSERT INTO vehiculo(placa, marca, modelo, anho) VALUES (?, ?, ?, ?)
INSERT INTO vehiculo(placa, marca, modelo, anho) VALUES (?, ?, ?, ?)
SELECT id, placa, marca, modelo, anho FROM vehiculo
UPDATE vehiculo SET placa=?, marca=?, modelo=?, anho=? WHERE id=?
UPDATE vehiculo SET placa=?, marca=?, modelo=?, anho=? WHERE id=?
UPDATE vehiculo SET placa=?, marca=?, modelo=?, anho=? WHERE id=?
SELECT id, placa, marca, modelo, anho FROM vehiculo
]]></system-out>
  </testcase>
  <testcase name="testObtenerPorId" classname="pe.edu.pucp.transitsoft.dao.VehiculoDAOTest" time="14.931">
    <system-out><![CDATA[SELECT id, placa, marca, modelo, anho FROM vehiculo
DELETE FROM vehiculo WHERE id=?
SELECT id, placa, marca, modelo, anho FROM vehiculo WHERE id=?
DELETE FROM vehiculo WHERE id=?
SELECT id, placa, marca, modelo, anho FROM vehiculo WHERE id=?
DELETE FROM vehiculo WHERE id=?
SELECT id, placa, marca, modelo, anho FROM vehiculo WHERE id=?
INSERT INTO vehiculo(placa, marca, modelo, anho) VALUES (?, ?, ?, ?)
INSERT INTO vehiculo(placa, marca, modelo, anho) VALUES (?, ?, ?, ?)
INSERT INTO vehiculo(placa, marca, modelo, anho) VALUES (?, ?, ?, ?)
SELECT id, placa, marca, modelo, anho FROM vehiculo WHERE id=?
SELECT id, placa, marca, modelo, anho FROM vehiculo WHERE id=?
SELECT id, placa, marca, modelo, anho FROM vehiculo WHERE id=?
]]></system-out>
  </testcase>
  <testcase name="testEliminar" classname="pe.edu.pucp.transitsoft.dao.VehiculoDAOTest" time="20.577">
    <system-out><![CDATA[SELECT id, placa, marca, modelo, anho FROM vehiculo
DELETE FROM vehiculo WHERE id=?
SELECT id, placa, marca, modelo, anho FROM vehiculo WHERE id=?
DELETE FROM vehiculo WHERE id=?
SELECT id, placa, marca, modelo, anho FROM vehiculo WHERE id=?
DELETE FROM vehiculo WHERE id=?
SELECT id, placa, marca, modelo, anho FROM vehiculo WHERE id=?
INSERT INTO vehiculo(placa, marca, modelo, anho) VALUES (?, ?, ?, ?)
INSERT INTO vehiculo(placa, marca, modelo, anho) VALUES (?, ?, ?, ?)
INSERT INTO vehiculo(placa, marca, modelo, anho) VALUES (?, ?, ?, ?)
SELECT id, placa, marca, modelo, anho FROM vehiculo
DELETE FROM vehiculo WHERE id=?
SELECT id, placa, marca, modelo, anho FROM vehiculo WHERE id=?
DELETE FROM vehiculo WHERE id=?
SELECT id, placa, marca, modelo, anho FROM vehiculo WHERE id=?
DELETE FROM vehiculo WHERE id=?
SELECT id, placa, marca, modelo, anho FROM vehiculo WHERE id=?
SELECT id, placa, marca, modelo, anho FROM vehiculo
]]></system-out>
  </testcase>
  <testcase name="testInsertar" classname="pe.edu.pucp.transitsoft.dao.VehiculoDAOTest" time="5.034">
    <system-out><![CDATA[SELECT id, placa, marca, modelo, anho FROM vehiculo
INSERT INTO vehiculo(placa, marca, modelo, anho) VALUES (?, ?, ?, ?)
INSERT INTO vehiculo(placa, marca, modelo, anho) VALUES (?, ?, ?, ?)
INSERT INTO vehiculo(placa, marca, modelo, anho) VALUES (?, ?, ?, ?)
]]></system-out>
  </testcase>
  <testcase name="testListarTodos" classname="pe.edu.pucp.transitsoft.dao.VehiculoDAOTest" time="12.602">
    <system-out><![CDATA[SELECT id, placa, marca, modelo, anho FROM vehiculo
DELETE FROM vehiculo WHERE id=?
SELECT id, placa, marca, modelo, anho FROM vehiculo WHERE id=?
DELETE FROM vehiculo WHERE id=?
SELECT id, placa, marca, modelo, anho FROM vehiculo WHERE id=?
DELETE FROM vehiculo WHERE id=?
SELECT id, placa, marca, modelo, anho FROM vehiculo WHERE id=?
INSERT INTO vehiculo(placa, marca, modelo, anho) VALUES (?, ?, ?, ?)
INSERT INTO vehiculo(placa, marca, modelo, anho) VALUES (?, ?, ?, ?)
INSERT INTO vehiculo(placa, marca, modelo, anho) VALUES (?, ?, ?, ?)
SELECT id, placa, marca, modelo, anho FROM vehiculo
]]></system-out>
  </testcase>
</testsuite>